<?xml version="1.0" encoding="UTF-8"?>
<!-- Generated by org.testng.reporters.JUnitReportReporter -->
<testsuite skipped="0" hostname="APL-5CD0177CM3" name="FacebookSelect.FacebookDD" tests="1" failures="0" timestamp="2023-05-19T11:44:34 IST" time="30.078" errors="0">
  <testcase name="fbLaunch" time="30.078" classname="FacebookSelect.FacebookDD"/>
  <system-out/>
</testsuite> <!-- FacebookSelect.FacebookDD -->
