<?xml version="1.0" encoding="UTF-8"?>
<!-- Generated by org.testng.reporters.JUnitReportReporter -->
<testsuite skipped="0" hostname="APL-5CD0177CM3" name="Food_CheckBoxes.Food_TestCheckBox" tests="1" failures="0" timestamp="2023-05-22T09:30:52 IST" time="9.035" errors="0">
  <testcase name="testCheckBoxBtn" time="9.035" classname="Food_CheckBoxes.Food_TestCheckBox"/>
  <system-out/>
</testsuite> <!-- Food_CheckBoxes.Food_TestCheckBox -->
