<?xml version="1.0" encoding="UTF-8"?>
<!-- Generated by org.testng.reporters.JUnitReportReporter -->
<testsuite name="jenkinsGroup.jenkinsTestngGroups" tests="2" time="0.005" ignored="3" failures="0" timestamp="11 May 2023 12:12:36 GMT" skipped="0" hostname="L-158047823" errors="0">
  <testcase name="Android" time="0.004" classname="jenkinsGroup.jenkinsTestngGroups"/>
  <testcase name="Android2" time="0.001" classname="jenkinsGroup.jenkinsTestngGroups"/>
  <testcase name="Apple1" classname="jenkinsGroup.jenkinsTestngGroups">
    <skipped/>
  </testcase> <!-- Apple1 -->
  <testcase name="Apple2" classname="jenkinsGroup.jenkinsTestngGroups">
    <skipped/>
  </testcase> <!-- Apple2 -->
  <testcase name="Android1" classname="jenkinsGroup.jenkinsTestngGroups">
    <skipped/>
  </testcase> <!-- Android1 -->
</testsuite> <!-- jenkinsGroup.jenkinsTestngGroups -->
