<?xml version="1.0" encoding="UTF-8"?>
<!-- Generated by org.testng.reporters.JUnitReportReporter -->
<testsuite skipped="0" hostname="APL-5CD0177CM3" name="DataDrivenUsingCSV.DDT_CSV" tests="1" failures="0" timestamp="2023-05-24T10:05:41 IST" time="63.761" errors="0">
  <testcase name="testDPCSV" time="63.761" classname="DataDrivenUsingCSV.DDT_CSV"/>
  <system-out/>
</testsuite> <!-- DataDrivenUsingCSV.DDT_CSV -->
