<?xml version="1.0" encoding="UTF-8"?>
<!-- Generated by org.testng.reporters.JUnitReportReporter -->
<testsuite name="TestCasesWithinGroups.OrangeHRMCartLogin" tests="1" time="0.007" ignored="6" failures="0" timestamp="12 May 2023 06:30:42 GMT" skipped="0" hostname="APL-5CD0177CM3" errors="0">
  <testcase name="OrangeHRMLogin" time="0.007" classname="TestCasesWithinGroups.OrangeHRMCartLogin"/>
  <testcase name="OrangeHRMEmployeeLogin" classname="TestCasesWithinGroups.OrangeHRMCartLogin">
    <skipped/>
  </testcase> <!-- OrangeHRMEmployeeLogin -->
  <testcase name="OrangeAdminHRMLogin" classname="TestCasesWithinGroups.OrangeHRMCartLogin">
    <skipped/>
  </testcase> <!-- OrangeAdminHRMLogin -->
  <testcase name="DemoOpenLogin" classname="TestCasesWithinGroups.DemoOpenCartLogin">
    <skipped/>
  </testcase> <!-- DemoOpenLogin -->
  <testcase name="DemoOpenAdminLogin" classname="TestCasesWithinGroups.DemoOpenCartLogin">
    <skipped/>
  </testcase> <!-- DemoOpenAdminLogin -->
  <testcase name="EasyCalcEmployeeLogin" classname="TestCasesWithinGroups.EasyCalcLogin">
    <skipped/>
  </testcase> <!-- EasyCalcEmployeeLogin -->
  <testcase name="EasyCalcLogin" classname="TestCasesWithinGroups.EasyCalcLogin">
    <skipped/>
  </testcase> <!-- EasyCalcLogin -->
</testsuite> <!-- TestCasesWithinGroups.OrangeHRMCartLogin -->
