<?xml version="1.0" encoding="UTF-8"?>
<!-- Generated by org.testng.reporters.JUnitReportReporter -->
<testsuite skipped="0" hostname="APL-5CD0177CM3" name="FacebookSelect.EasyCalculation_CountryList" tests="1" failures="0" timestamp="2023-05-19T17:33:27 IST" time="25.218" errors="0">
  <testcase name="easyCalcLaunch" time="25.218" classname="FacebookSelect.EasyCalculation_CountryList"/>
  <system-out/>
</testsuite> <!-- FacebookSelect.EasyCalculation_CountryList -->
